2026-02-07 12:28:22.733 [restartedMain] INFO  com.inkstage.InkStageApplication - Starting InkStageApplication using Java 21.0.9 with PID 18404 (C:\Mine\Projects\20260125\inkStage\target\classes started by xuda in C:\Mine\Projects\20260125\inkStage)
2026-02-07 12:28:22.738 [restartedMain] DEBUG com.inkstage.InkStageApplication - Running with Spring Boot v4.0.2, Spring v7.0.3
2026-02-07 12:28:22.739 [restartedMain] INFO  com.inkstage.InkStageApplication - The following 1 profile is active: "dev"
2026-02-07 12:28:22.866 [restartedMain] INFO  o.s.b.d.env.DevToolsPropertyDefaultsPostProcessor - Devtools property defaults active! Set 'spring.devtools.add-properties' to 'false' to disable
2026-02-07 12:28:22.866 [restartedMain] INFO  o.s.b.d.env.DevToolsPropertyDefaultsPostProcessor - For additional web related logging consider setting the 'logging.level.web' property to 'DEBUG'
2026-02-07 12:28:23.519 [background-preinit] INFO  org.hibernate.validator.internal.util.Version - HV000001: Hibernate Validator 9.0.1.Final
2026-02-07 12:28:28.403 [restartedMain] INFO  o.s.d.r.config.RepositoryConfigurationDelegate - Multiple Spring Data modules found, entering strict repository configuration mode
2026-02-07 12:28:28.406 [restartedMain] INFO  o.s.d.r.config.RepositoryConfigurationDelegate - Bootstrapping Spring Data Redis repositories in DEFAULT mode.
2026-02-07 12:28:28.448 [restartedMain] INFO  o.s.d.r.config.RepositoryConfigurationDelegate - Finished Spring Data repository scanning in 22 ms. Found 0 Redis repository interfaces.
2026-02-07 12:28:29.438 [restartedMain] INFO  org.springframework.boot.tomcat.TomcatWebServer - Tomcat initialized with port 8080 (http)
2026-02-07 12:28:29.454 [restartedMain] INFO  org.apache.coyote.http11.Http11NioProtocol - Initializing ProtocolHandler ["http-nio-8080"]
2026-02-07 12:28:29.455 [restartedMain] INFO  org.apache.catalina.core.StandardService - Starting service [Tomcat]
2026-02-07 12:28:29.455 [restartedMain] INFO  org.apache.catalina.core.StandardEngine - Starting Servlet engine: [Apache Tomcat/11.0.15]
2026-02-07 12:28:29.510 [restartedMain] INFO  o.s.b.w.c.servlet.WebApplicationContextInitializer - Root WebApplicationContext: initialization completed in 6642 ms
2026-02-07 12:28:31.230 [restartedMain] DEBUG c.inkstage.config.security.PermissionInterceptor - 加载权限规则: front-read, 路径: /api/v1/front/**, 方法: GET, 所需权限: [read]
2026-02-07 12:28:31.230 [restartedMain] DEBUG c.inkstage.config.security.PermissionInterceptor - 加载权限规则: front-write, 路径: /api/v1/front/**, 方法: POST,PUT,DELETE,PATCH, 所需权限: [write]
2026-02-07 12:28:31.230 [restartedMain] DEBUG c.inkstage.config.security.PermissionInterceptor - 加载权限规则: admin-read, 路径: /api/v1/admin/**, 方法: GET, 所需权限: [admin]
2026-02-07 12:28:31.230 [restartedMain] DEBUG c.inkstage.config.security.PermissionInterceptor - 加载权限规则: admin-write, 路径: /api/v1/admin/**, 方法: POST,PUT,DELETE,PATCH, 所需权限: [admin]
2026-02-07 12:28:31.230 [restartedMain] DEBUG c.inkstage.config.security.PermissionInterceptor - 加载权限规则: public, 路径: /api/v1/front/public/**, 方法: GET,POST,PUT,DELETE,PATCH, 所需权限: []
2026-02-07 12:28:31.232 [restartedMain] DEBUG c.inkstage.config.security.PermissionInterceptor - 加载权限规则: auth, 路径: /api/v1/front/auth/**, 方法: GET,POST,PUT,DELETE,PATCH, 所需权限: []
2026-02-07 12:28:31.232 [restartedMain] INFO  c.inkstage.config.security.PermissionInterceptor - 权限规则加载完成,共加载 6 条规则
2026-02-07 12:28:31.313 [restartedMain] INFO  com.inkstage.config.security.JwtConfig - Loading RSA key pair from files: private=classpath:jwt-keys/private.pem, public=classpath:jwt-keys/public.pem
2026-02-07 12:28:31.616 [restartedMain] INFO  o.s.s.c.a.a.c.InitializeUserDetailsBeanManagerConfigurer$InitializeUserDetailsManagerConfigurer - Global AuthenticationManager configured with UserDetailsService bean with name userDetailsServiceImpl
2026-02-07 12:28:31.770 [restartedMain] DEBUG o.s.security.web.DefaultSecurityFilterChain - Will secure Or [PathPattern [/oauth2/**], PathPattern [/.well-known/oauth-authorization-server]] with filters: DisableEncodeUrlFilter, WebAsyncManagerIntegrationFilter, SecurityContextHolderFilter, HeaderWriterFilter, CorsFilter, CsrfFilter, LogoutFilter, RequestCacheAwareFilter, SecurityContextHolderAwareRequestFilter, AnonymousAuthenticationFilter, SessionManagementFilter, ExceptionTranslationFilter, AuthorizationFilter
2026-02-07 12:28:31.893 [restartedMain] DEBUG o.s.security.web.DefaultSecurityFilterChain - Will secure any request with filters: DisableEncodeUrlFilter, WebAsyncManagerIntegrationFilter, SecurityContextHolderFilter, HeaderWriterFilter, CorsFilter, LogoutFilter, OAuth2ProtectedResourceMetadataFilter, BearerTokenAuthenticationFilter, AuthenticationFilter, RequestCacheAwareFilter, SecurityContextHolderAwareRequestFilter, AnonymousAuthenticationFilter, SessionManagementFilter, ExceptionTranslationFilter, AuthorizationFilter
2026-02-07 12:28:32.893 [restartedMain] INFO  org.apache.coyote.http11.Http11NioProtocol - Starting ProtocolHandler ["http-nio-8080"]
2026-02-07 12:28:32.917 [restartedMain] INFO  org.springframework.boot.tomcat.TomcatWebServer - Tomcat started on port 8080 (http) with context path '/'
2026-02-07 12:28:32.927 [restartedMain] INFO  com.inkstage.InkStageApplication - Started InkStageApplication in 11.541 seconds (process running for 21.041)
2026-02-07 12:28:32.942 [main] ERROR com.inkstage.InkStageApplication - Start Service Error
org.springframework.boot.devtools.restart.SilentExitExceptionHandler$SilentExitException
	at org.springframework.boot.devtools.restart.SilentExitExceptionHandler.exitCurrentThread(SilentExitExceptionHandler.java:94)
	at org.springframework.boot.devtools.restart.Restarter.immediateRestart(Restarter.java:180)
	at org.springframework.boot.devtools.restart.Restarter.initialize(Restarter.java:164)
	at org.springframework.boot.devtools.restart.Restarter.initialize(Restarter.java:539)
	at org.springframework.boot.devtools.restart.RestartApplicationListener.onApplicationStartingEvent(RestartApplicationListener.java:98)
	at org.springframework.boot.devtools.restart.RestartApplicationListener.onApplicationEvent(RestartApplicationListener.java:51)
	at org.springframework.context.event.SimpleApplicationEventMulticaster.doInvokeListener(SimpleApplicationEventMulticaster.java:180)
	at org.springframework.context.event.SimpleApplicationEventMulticaster.invokeListener(SimpleApplicationEventMulticaster.java:173)
	at org.springframework.context.event.SimpleApplicationEventMulticaster.multicastEvent(SimpleApplicationEventMulticaster.java:151)
	at org.springframework.context.event.SimpleApplicationEventMulticaster.multicastEvent(SimpleApplicationEventMulticaster.java:133)
	at org.springframework.boot.context.event.EventPublishingRunListener.multicastInitialEvent(EventPublishingRunListener.java:137)
	at org.springframework.boot.context.event.EventPublishingRunListener.starting(EventPublishingRunListener.java:76)
	at org.springframework.boot.SpringApplicationRunListeners.lambda$starting$0(SpringApplicationRunListeners.java:56)
	at java.base/java.lang.Iterable.forEach(Iterable.java:75)
	at org.springframework.boot.SpringApplicationRunListeners.doWithListeners(SpringApplicationRunListeners.java:123)
	at org.springframework.boot.SpringApplicationRunListeners.starting(SpringApplicationRunListeners.java:56)
	at org.springframework.boot.SpringApplication.run(SpringApplication.java:313)
	at org.springframework.boot.SpringApplication.run(SpringApplication.java:1365)
	at org.springframework.boot.SpringApplication.run(SpringApplication.java:1354)
	at com.inkstage.InkStageApplication.main(InkStageApplication.java:15)
2026-02-07 12:28:48.653 [http-nio-8080-exec-2] INFO  o.a.c.core.ContainerBase.[Tomcat].[localhost].[/] - Initializing Spring DispatcherServlet 'dispatcherServlet'
2026-02-07 12:28:48.654 [http-nio-8080-exec-2] INFO  org.springframework.web.servlet.DispatcherServlet - Initializing Servlet 'dispatcherServlet'
2026-02-07 12:28:48.658 [http-nio-8080-exec-2] INFO  org.springframework.web.servlet.DispatcherServlet - Completed initialization in 3 ms
2026-02-07 12:28:48.682 [http-nio-8080-exec-2] DEBUG org.springframework.security.web.FilterChainProxy - Securing OPTIONS /index/articles
2026-02-07 12:28:48.682 [http-nio-8080-exec-1] DEBUG org.springframework.security.web.FilterChainProxy - Securing OPTIONS /index/articles
2026-02-07 12:28:48.871 [http-nio-8080-exec-3] DEBUG org.springframework.security.web.FilterChainProxy - Securing POST /index/articles
2026-02-07 12:28:48.879 [http-nio-8080-exec-3] DEBUG o.s.s.w.a.AnonymousAuthenticationFilter - Set SecurityContextHolder to anonymous SecurityContext
2026-02-07 12:28:48.882 [http-nio-8080-exec-3] DEBUG org.springframework.security.web.FilterChainProxy - Secured POST /index/articles
2026-02-07 12:28:49.073 [http-nio-8080-exec-4] DEBUG org.springframework.security.web.FilterChainProxy - Securing POST /index/articles
2026-02-07 12:28:49.075 [http-nio-8080-exec-4] DEBUG o.s.s.w.a.AnonymousAuthenticationFilter - Set SecurityContextHolder to anonymous SecurityContext
2026-02-07 12:28:49.075 [http-nio-8080-exec-4] DEBUG org.springframework.security.web.FilterChainProxy - Secured POST /index/articles
2026-02-07 12:28:49.092 [http-nio-8080-exec-3] INFO  com.inkstage.controller.front.IndexController - 获取首页文章列表
2026-02-07 12:28:49.092 [http-nio-8080-exec-4] INFO  com.inkstage.controller.front.IndexController - 获取首页文章列表
2026-02-07 12:28:49.092 [http-nio-8080-exec-3] INFO  com.inkstage.service.impl.ArticleServiceImpl - 获取文章列表, 查询参数: ArticleQueryDTO(page=1, pageSize=10, offset=0, categoryId=null, tagId=null, status=null, keyword=null, sortBy=publishTime, sortOrder=desc)
2026-02-07 12:28:49.092 [http-nio-8080-exec-4] INFO  com.inkstage.service.impl.ArticleServiceImpl - 获取文章列表, 查询参数: ArticleQueryDTO(page=1, pageSize=10, offset=0, categoryId=null, tagId=null, status=null, keyword=null, sortBy=publishTime, sortOrder=desc)
2026-02-07 12:28:50.270 [http-nio-8080-exec-4] INFO  com.zaxxer.hikari.HikariDataSource - HikariPool-1 - Starting...
2026-02-07 12:28:50.880 [http-nio-8080-exec-4] INFO  com.zaxxer.hikari.pool.HikariPool - HikariPool-1 - Added connection com.mysql.cj.jdbc.ConnectionImpl@244df4c5
2026-02-07 12:28:50.884 [http-nio-8080-exec-4] INFO  com.zaxxer.hikari.HikariDataSource - HikariPool-1 - Start completed.
2026-02-07 12:28:50.908 [http-nio-8080-exec-4] DEBUG c.inkstage.mapper.ArticleMapper.selectArticleList - ==>  Preparing: SELECT a.id, a.title, a.summary, a.cover_image, a.status, a.visible, a.publish_time, a.last_edit_time, a.read_count, a.like_count, a.comment_count, a.user_id, a.author_name, a.category_id, u.avatar, c.name as category_name FROM article a LEFT JOIN category c ON a.category_id = c.id LEFT JOIN user u ON a.user_id = u.id WHERE a.deleted = 0 GROUP BY a.id ORDER BY a.top DESC, a.recommended DESC LIMIT ?, ?
2026-02-07 12:28:50.912 [http-nio-8080-exec-3] DEBUG c.inkstage.mapper.ArticleMapper.selectArticleList - ==>  Preparing: SELECT a.id, a.title, a.summary, a.cover_image, a.status, a.visible, a.publish_time, a.last_edit_time, a.read_count, a.like_count, a.comment_count, a.user_id, a.author_name, a.category_id, u.avatar, c.name as category_name FROM article a LEFT JOIN category c ON a.category_id = c.id LEFT JOIN user u ON a.user_id = u.id WHERE a.deleted = 0 GROUP BY a.id ORDER BY a.top DESC, a.recommended DESC LIMIT ?, ?
2026-02-07 12:28:50.981 [http-nio-8080-exec-3] DEBUG c.inkstage.mapper.ArticleMapper.selectArticleList - ==> Parameters: 0(Integer), 10(Integer)
2026-02-07 12:28:50.982 [http-nio-8080-exec-4] DEBUG c.inkstage.mapper.ArticleMapper.selectArticleList - ==> Parameters: 0(Integer), 10(Integer)
2026-02-07 12:28:51.148 [http-nio-8080-exec-3] DEBUG c.inkstage.mapper.ArticleMapper.selectArticleList - <==      Total: 10
2026-02-07 12:28:51.154 [http-nio-8080-exec-4] DEBUG c.inkstage.mapper.ArticleMapper.selectArticleList - <==      Total: 10
2026-02-07 12:28:51.173 [http-nio-8080-exec-4] DEBUG c.inkstage.mapper.ArticleMapper.countArticleList - ==>  Preparing: SELECT COUNT(DISTINCT a.id) FROM article a LEFT JOIN category c ON a.category_id = c.id WHERE a.deleted = 0
2026-02-07 12:28:51.174 [http-nio-8080-exec-4] DEBUG c.inkstage.mapper.ArticleMapper.countArticleList - ==> Parameters: 
2026-02-07 12:28:51.174 [http-nio-8080-exec-3] DEBUG c.inkstage.mapper.ArticleMapper.countArticleList - ==>  Preparing: SELECT COUNT(DISTINCT a.id) FROM article a LEFT JOIN category c ON a.category_id = c.id WHERE a.deleted = 0
2026-02-07 12:28:51.178 [http-nio-8080-exec-3] DEBUG c.inkstage.mapper.ArticleMapper.countArticleList - ==> Parameters: 
2026-02-07 12:28:51.188 [http-nio-8080-exec-4] DEBUG c.inkstage.mapper.ArticleMapper.countArticleList - <==      Total: 1
2026-02-07 12:28:51.188 [http-nio-8080-exec-3] DEBUG c.inkstage.mapper.ArticleMapper.countArticleList - <==      Total: 1
2026-02-07 12:28:51.499 [http-nio-8080-exec-3] INFO  com.inkstage.service.impl.ArticleServiceImpl - 更新文章列表缓存, 缓存键: cache:article:list:1:10:null:null
2026-02-07 12:28:51.499 [http-nio-8080-exec-4] INFO  com.inkstage.service.impl.ArticleServiceImpl - 更新文章列表缓存, 缓存键: cache:article:list:1:10:null:null
2026-02-07 12:28:51.500 [http-nio-8080-exec-3] INFO  com.inkstage.service.impl.ArticleServiceImpl - 获取文章列表成功, 总数: 11, 页码: 1, 每页大小: 10
2026-02-07 12:28:51.500 [http-nio-8080-exec-4] INFO  com.inkstage.service.impl.ArticleServiceImpl - 获取文章列表成功, 总数: 11, 页码: 1, 每页大小: 10
2026-02-07 12:28:51.501 [http-nio-8080-exec-4] INFO  com.inkstage.controller.front.IndexController - 获取首页文章列表结果: PageResult(total=11, pageNum=1, pageSize=10, pages=2, record=[ArticleListVO(id=7, title=啊实打实大师, summary=啊实打实, coverImage=, userId=15, authorName=null, avatar=http://localhost:9000/inkstage-bucket/15/user-avatars/bb20a312fe174e6aab6d1215d21c3ee7.jpg, categoryId=3, categoryName=职场, status=PENDING, visible=PUBLIC, publishTime=null, lastEditTime=2026-01-31T14:04:29, readCount=0, likeCount=0, commentCount=0), ArticleListVO(id=8, title=第三篇文章, summary=33333, coverImage=, userId=15, authorName=null, avatar=http://localhost:9000/inkstage-bucket/15/user-avatars/bb20a312fe174e6aab6d1215d21c3ee7.jpg, categoryId=2, categoryName=生活, status=PENDING, visible=PUBLIC, publishTime=null, lastEditTime=2026-01-31T17:23:42, readCount=0, likeCount=0, commentCount=0), ArticleListVO(id=9, title=我的第三篇文章, summary=我的第三篇文章，希望发布成功, coverImage=http://localhost:9000/inkstage-bucket/15/article-covers/faa6b03c8ccb41359958449d7337077c.jpg, userId=15, authorName=null, avatar=http://localhost:9000/inkstage-bucket/15/user-avatars/bb20a312fe174e6aab6d1215d21c3ee7.jpg, categoryId=2, categoryName=生活, status=PENDING, visible=PUBLIC, publishTime=null, lastEditTime=2026-01-31T22:03:46, readCount=0, likeCount=0, commentCount=0), ArticleListVO(id=10, title=我的第四篇文章, summary=我的第四篇文章，带封面, coverImage=http://localhost:9000/inkstage-bucket/15/article-covers/454d80617bbc45b485d4f0ed27f57e5f.jpg, userId=15, authorName=null, avatar=http://localhost:9000/inkstage-bucket/15/user-avatars/bb20a312fe174e6aab6d1215d21c3ee7.jpg, categoryId=2, categoryName=生活, status=PENDING, visible=PUBLIC, publishTime=null, lastEditTime=2026-01-31T22:04:55, readCount=0, likeCount=0, commentCount=0), ArticleListVO(id=11, title=React 19 新特性详解：并发渲染与服务器组件, summary=本文详细介绍了 React 19 的核心新特性，包括并发渲染、服务器组件、自动批处理等，帮助开发者快速上手最新版本。, coverImage=http://localhost:9000/inkstage-bucket/15/article-covers/89d73f715f9a4cf393f1f8f1f504a648.jpg, userId=15, authorName=null, avatar=http://localhost:9000/inkstage-bucket/15/user-avatars/bb20a312fe174e6aab6d1215d21c3ee7.jpg, categoryId=2, categoryName=生活, status=PENDING, visible=PUBLIC, publishTime=2026-02-01T17:15:27, lastEditTime=2026-02-01T17:15:27, readCount=0, likeCount=0, commentCount=0), ArticleListVO(id=12, title=写一篇带代码的文章，看看效果如何, summary=简单的typeScript使用shiki的用法, coverImage=, userId=15, authorName=null, avatar=http://localhost:9000/inkstage-bucket/15/user-avatars/bb20a312fe174e6aab6d1215d21c3ee7.jpg, categoryId=7, categoryName=多人运动, status=PENDING, visible=PUBLIC, publishTime=2026-02-01T22:53:47, lastEditTime=2026-02-01T22:53:47, readCount=0, likeCount=0, commentCount=0), ArticleListVO(id=13, title=你在眺望着谁？, summary=拥有了世界，却拥有不了平凡的爱！, coverImage=, userId=15, authorName=丹妮莉丝.坦格利安, avatar=http://localhost:9000/inkstage-bucket/15/user-avatars/bb20a312fe174e6aab6d1215d21c3ee7.jpg, categoryId=1, categoryName=技术, status=PENDING, visible=PUBLIC, publishTime=2026-02-02T12:10:35, lastEditTime=2026-02-02T12:10:35, readCount=0, likeCount=0, commentCount=0), ArticleListVO(id=15, title=啊实打实大师, summary=啊实打实大师爱上爱上, coverImage=, userId=15, authorName=丹妮莉丝.坦格利安, avatar=http://localhost:9000/inkstage-bucket/15/user-avatars/bb20a312fe174e6aab6d1215d21c3ee7.jpg, categoryId=1, categoryName=技术, status=PENDING, visible=PUBLIC, publishTime=2026-02-02T12:12:27, lastEditTime=2026-02-02T12:12:27, readCount=0, likeCount=0, commentCount=0), ArticleListVO(id=16, title=是的是的发生的123, summary=水电费水电费, coverImage=, userId=15, authorName=丹妮莉丝.坦格利安, avatar=http://localhost:9000/inkstage-bucket/15/user-avatars/bb20a312fe174e6aab6d1215d21c3ee7.jpg, categoryId=1, categoryName=技术, status=PENDING, visible=PUBLIC, publishTime=2026-02-02T12:13:12, lastEditTime=2026-02-02T12:13:12, readCount=0, likeCount=0, commentCount=0), ArticleListVO(id=17, title=是的是的发生的, summary=水电费水电费, coverImage=, userId=15, authorName=丹妮莉丝.坦格利安, avatar=http://localhost:9000/inkstage-bucket/15/user-avatars/bb20a312fe174e6aab6d1215d21c3ee7.jpg, categoryId=1, categoryName=技术, status=PENDING, visible=PUBLIC, publishTime=2026-02-02T12:14:23, lastEditTime=2026-02-02T12:14:23, readCount=0, likeCount=0, commentCount=0)], isFirstPage=true, isLastPage=false, prePage=1, nextPage=2, navigatePages=[1, 2], navigateFirstPage=1, navigateLastPage=2)
2026-02-07 12:28:51.501 [http-nio-8080-exec-3] INFO  com.inkstage.controller.front.IndexController - 获取首页文章列表结果: PageResult(total=11, pageNum=1, pageSize=10, pages=2, record=[ArticleListVO(id=7, title=啊实打实大师, summary=啊实打实, coverImage=, userId=15, authorName=null, avatar=http://localhost:9000/inkstage-bucket/15/user-avatars/bb20a312fe174e6aab6d1215d21c3ee7.jpg, categoryId=3, categoryName=职场, status=PENDING, visible=PUBLIC, publishTime=null, lastEditTime=2026-01-31T14:04:29, readCount=0, likeCount=0, commentCount=0), ArticleListVO(id=8, title=第三篇文章, summary=33333, coverImage=, userId=15, authorName=null, avatar=http://localhost:9000/inkstage-bucket/15/user-avatars/bb20a312fe174e6aab6d1215d21c3ee7.jpg, categoryId=2, categoryName=生活, status=PENDING, visible=PUBLIC, publishTime=null, lastEditTime=2026-01-31T17:23:42, readCount=0, likeCount=0, commentCount=0), ArticleListVO(id=9, title=我的第三篇文章, summary=我的第三篇文章，希望发布成功, coverImage=http://localhost:9000/inkstage-bucket/15/article-covers/faa6b03c8ccb41359958449d7337077c.jpg, userId=15, authorName=null, avatar=http://localhost:9000/inkstage-bucket/15/user-avatars/bb20a312fe174e6aab6d1215d21c3ee7.jpg, categoryId=2, categoryName=生活, status=PENDING, visible=PUBLIC, publishTime=null, lastEditTime=2026-01-31T22:03:46, readCount=0, likeCount=0, commentCount=0), ArticleListVO(id=10, title=我的第四篇文章, summary=我的第四篇文章，带封面, coverImage=http://localhost:9000/inkstage-bucket/15/article-covers/454d80617bbc45b485d4f0ed27f57e5f.jpg, userId=15, authorName=null, avatar=http://localhost:9000/inkstage-bucket/15/user-avatars/bb20a312fe174e6aab6d1215d21c3ee7.jpg, categoryId=2, categoryName=生活, status=PENDING, visible=PUBLIC, publishTime=null, lastEditTime=2026-01-31T22:04:55, readCount=0, likeCount=0, commentCount=0), ArticleListVO(id=11, title=React 19 新特性详解：并发渲染与服务器组件, summary=本文详细介绍了 React 19 的核心新特性，包括并发渲染、服务器组件、自动批处理等，帮助开发者快速上手最新版本。, coverImage=http://localhost:9000/inkstage-bucket/15/article-covers/89d73f715f9a4cf393f1f8f1f504a648.jpg, userId=15, authorName=null, avatar=http://localhost:9000/inkstage-bucket/15/user-avatars/bb20a312fe174e6aab6d1215d21c3ee7.jpg, categoryId=2, categoryName=生活, status=PENDING, visible=PUBLIC, publishTime=2026-02-01T17:15:27, lastEditTime=2026-02-01T17:15:27, readCount=0, likeCount=0, commentCount=0), ArticleListVO(id=12, title=写一篇带代码的文章，看看效果如何, summary=简单的typeScript使用shiki的用法, coverImage=, userId=15, authorName=null, avatar=http://localhost:9000/inkstage-bucket/15/user-avatars/bb20a312fe174e6aab6d1215d21c3ee7.jpg, categoryId=7, categoryName=多人运动, status=PENDING, visible=PUBLIC, publishTime=2026-02-01T22:53:47, lastEditTime=2026-02-01T22:53:47, readCount=0, likeCount=0, commentCount=0), ArticleListVO(id=13, title=你在眺望着谁？, summary=拥有了世界，却拥有不了平凡的爱！, coverImage=, userId=15, authorName=丹妮莉丝.坦格利安, avatar=http://localhost:9000/inkstage-bucket/15/user-avatars/bb20a312fe174e6aab6d1215d21c3ee7.jpg, categoryId=1, categoryName=技术, status=PENDING, visible=PUBLIC, publishTime=2026-02-02T12:10:35, lastEditTime=2026-02-02T12:10:35, readCount=0, likeCount=0, commentCount=0), ArticleListVO(id=15, title=啊实打实大师, summary=啊实打实大师爱上爱上, coverImage=, userId=15, authorName=丹妮莉丝.坦格利安, avatar=http://localhost:9000/inkstage-bucket/15/user-avatars/bb20a312fe174e6aab6d1215d21c3ee7.jpg, categoryId=1, categoryName=技术, status=PENDING, visible=PUBLIC, publishTime=2026-02-02T12:12:27, lastEditTime=2026-02-02T12:12:27, readCount=0, likeCount=0, commentCount=0), ArticleListVO(id=16, title=是的是的发生的123, summary=水电费水电费, coverImage=, userId=15, authorName=丹妮莉丝.坦格利安, avatar=http://localhost:9000/inkstage-bucket/15/user-avatars/bb20a312fe174e6aab6d1215d21c3ee7.jpg, categoryId=1, categoryName=技术, status=PENDING, visible=PUBLIC, publishTime=2026-02-02T12:13:12, lastEditTime=2026-02-02T12:13:12, readCount=0, likeCount=0, commentCount=0), ArticleListVO(id=17, title=是的是的发生的, summary=水电费水电费, coverImage=, userId=15, authorName=丹妮莉丝.坦格利安, avatar=http://localhost:9000/inkstage-bucket/15/user-avatars/bb20a312fe174e6aab6d1215d21c3ee7.jpg, categoryId=1, categoryName=技术, status=PENDING, visible=PUBLIC, publishTime=2026-02-02T12:14:23, lastEditTime=2026-02-02T12:14:23, readCount=0, likeCount=0, commentCount=0)], isFirstPage=true, isLastPage=false, prePage=1, nextPage=2, navigatePages=[1, 2], navigateFirstPage=1, navigateLastPage=2)
2026-02-07 12:28:57.305 [http-nio-8080-exec-7] DEBUG org.springframework.security.web.FilterChainProxy - Securing GET /index/banner?limit=3
2026-02-07 12:28:57.308 [http-nio-8080-exec-7] DEBUG o.s.s.w.a.AnonymousAuthenticationFilter - Set SecurityContextHolder to anonymous SecurityContext
2026-02-07 12:28:57.309 [http-nio-8080-exec-7] DEBUG org.springframework.security.web.FilterChainProxy - Secured GET /index/banner?limit=3
2026-02-07 12:28:57.333 [http-nio-8080-exec-8] DEBUG org.springframework.security.web.FilterChainProxy - Securing GET /index/banner?limit=3
2026-02-07 12:28:57.336 [http-nio-8080-exec-8] DEBUG o.s.s.w.a.AnonymousAuthenticationFilter - Set SecurityContextHolder to anonymous SecurityContext
2026-02-07 12:28:57.336 [http-nio-8080-exec-8] DEBUG org.springframework.security.web.FilterChainProxy - Secured GET /index/banner?limit=3
2026-02-07 12:28:57.414 [http-nio-8080-exec-9] DEBUG org.springframework.security.web.FilterChainProxy - Securing GET /index/latest-article?limit=5
2026-02-07 12:28:57.415 [http-nio-8080-exec-9] DEBUG o.s.s.w.a.AnonymousAuthenticationFilter - Set SecurityContextHolder to anonymous SecurityContext
2026-02-07 12:28:57.417 [http-nio-8080-exec-9] DEBUG org.springframework.security.web.FilterChainProxy - Secured GET /index/latest-article?limit=5
2026-02-07 12:28:57.425 [http-nio-8080-exec-10] DEBUG org.springframework.security.web.FilterChainProxy - Securing GET /index/latest-article?limit=5
2026-02-07 12:28:57.427 [http-nio-8080-exec-10] DEBUG o.s.s.w.a.AnonymousAuthenticationFilter - Set SecurityContextHolder to anonymous SecurityContext
2026-02-07 12:28:57.428 [http-nio-8080-exec-10] DEBUG org.springframework.security.web.FilterChainProxy - Secured GET /index/latest-article?limit=5
2026-02-07 12:28:57.573 [http-nio-8080-exec-2] DEBUG org.springframework.security.web.FilterChainProxy - Securing GET /front/category/active
2026-02-07 12:28:57.576 [http-nio-8080-exec-2] DEBUG o.s.s.w.a.AnonymousAuthenticationFilter - Set SecurityContextHolder to anonymous SecurityContext
2026-02-07 12:28:57.577 [http-nio-8080-exec-2] DEBUG org.springframework.security.web.FilterChainProxy - Secured GET /front/category/active
2026-02-07 12:28:57.579 [http-nio-8080-exec-2] INFO  com.inkstage.service.impl.CategoryServiceImpl - 获取激活状态分类
2026-02-07 12:28:57.583 [http-nio-8080-exec-2] DEBUG c.i.mapper.CategoryMapper.selectActiveCategories - ==>  Preparing: SELECT id, name, slug, parent_id, sort_order, description, article_count, status, create_time, update_time, deleted, deleted_time FROM category WHERE status = 1 ORDER BY sort_order ASC, id ASC
2026-02-07 12:28:57.584 [http-nio-8080-exec-2] DEBUG c.i.mapper.CategoryMapper.selectActiveCategories - ==> Parameters: 
2026-02-07 12:28:57.595 [http-nio-8080-exec-2] DEBUG c.i.mapper.CategoryMapper.selectActiveCategories - <==      Total: 7
2026-02-07 12:28:57.612 [http-nio-8080-exec-1] DEBUG org.springframework.security.web.FilterChainProxy - Securing GET /front/category/active
2026-02-07 12:28:57.614 [http-nio-8080-exec-1] DEBUG o.s.s.w.a.AnonymousAuthenticationFilter - Set SecurityContextHolder to anonymous SecurityContext
2026-02-07 12:28:57.615 [http-nio-8080-exec-1] DEBUG org.springframework.security.web.FilterChainProxy - Secured GET /front/category/active
2026-02-07 12:28:57.615 [http-nio-8080-exec-1] INFO  com.inkstage.service.impl.CategoryServiceImpl - 获取激活状态分类
2026-02-07 12:28:57.617 [http-nio-8080-exec-1] DEBUG c.i.mapper.CategoryMapper.selectActiveCategories - ==>  Preparing: SELECT id, name, slug, parent_id, sort_order, description, article_count, status, create_time, update_time, deleted, deleted_time FROM category WHERE status = 1 ORDER BY sort_order ASC, id ASC
2026-02-07 12:28:57.617 [http-nio-8080-exec-1] DEBUG c.i.mapper.CategoryMapper.selectActiveCategories - ==> Parameters: 
2026-02-07 12:28:57.624 [http-nio-8080-exec-1] DEBUG c.i.mapper.CategoryMapper.selectActiveCategories - <==      Total: 7
2026-02-07 12:28:57.776 [http-nio-8080-exec-3] DEBUG org.springframework.security.web.FilterChainProxy - Securing GET /front/tag/active
2026-02-07 12:28:57.779 [http-nio-8080-exec-3] DEBUG o.s.s.w.a.AnonymousAuthenticationFilter - Set SecurityContextHolder to anonymous SecurityContext
2026-02-07 12:28:57.780 [http-nio-8080-exec-3] DEBUG org.springframework.security.web.FilterChainProxy - Secured GET /front/tag/active
2026-02-07 12:28:57.782 [http-nio-8080-exec-3] INFO  com.inkstage.service.impl.TagServiceImpl - 获取激活状态标签列表
2026-02-07 12:28:57.785 [http-nio-8080-exec-3] DEBUG com.inkstage.mapper.TagMapper.selectActiveTags - ==>  Preparing: SELECT id, name, slug, description, article_count, usage_count, status, create_time, update_time, deleted, deleted_time FROM tag WHERE status = 1 ORDER BY usage_count DESC, id ASC
2026-02-07 12:28:57.786 [http-nio-8080-exec-3] DEBUG com.inkstage.mapper.TagMapper.selectActiveTags - ==> Parameters: 
2026-02-07 12:28:57.797 [http-nio-8080-exec-3] DEBUG com.inkstage.mapper.TagMapper.selectActiveTags - <==      Total: 11
2026-02-07 12:28:57.806 [http-nio-8080-exec-4] DEBUG org.springframework.security.web.FilterChainProxy - Securing GET /front/tag/active
2026-02-07 12:28:57.807 [http-nio-8080-exec-4] DEBUG o.s.s.w.a.AnonymousAuthenticationFilter - Set SecurityContextHolder to anonymous SecurityContext
2026-02-07 12:28:57.809 [http-nio-8080-exec-4] DEBUG org.springframework.security.web.FilterChainProxy - Secured GET /front/tag/active
2026-02-07 12:28:57.810 [http-nio-8080-exec-4] INFO  com.inkstage.service.impl.TagServiceImpl - 获取激活状态标签列表
2026-02-07 12:28:57.812 [http-nio-8080-exec-4] DEBUG com.inkstage.mapper.TagMapper.selectActiveTags - ==>  Preparing: SELECT id, name, slug, description, article_count, usage_count, status, create_time, update_time, deleted, deleted_time FROM tag WHERE status = 1 ORDER BY usage_count DESC, id ASC
2026-02-07 12:28:57.812 [http-nio-8080-exec-4] DEBUG com.inkstage.mapper.TagMapper.selectActiveTags - ==> Parameters: 
2026-02-07 12:28:57.821 [http-nio-8080-exec-4] DEBUG com.inkstage.mapper.TagMapper.selectActiveTags - <==      Total: 11
2026-02-07 13:52:49.407 [http-nio-8080-exec-7] DEBUG org.springframework.security.web.FilterChainProxy - Securing OPTIONS /index/articles
2026-02-07 13:52:49.407 [http-nio-8080-exec-8] DEBUG org.springframework.security.web.FilterChainProxy - Securing OPTIONS /index/articles
2026-02-07 13:52:49.445 [http-nio-8080-exec-10] DEBUG org.springframework.security.web.FilterChainProxy - Securing POST /index/articles
2026-02-07 13:52:49.445 [http-nio-8080-exec-9] DEBUG org.springframework.security.web.FilterChainProxy - Securing POST /index/articles
2026-02-07 13:52:49.451 [http-nio-8080-exec-10] DEBUG o.s.s.w.a.AnonymousAuthenticationFilter - Set SecurityContextHolder to anonymous SecurityContext
2026-02-07 13:52:49.451 [http-nio-8080-exec-9] DEBUG o.s.s.w.a.AnonymousAuthenticationFilter - Set SecurityContextHolder to anonymous SecurityContext
2026-02-07 13:52:49.452 [http-nio-8080-exec-10] DEBUG org.springframework.security.web.FilterChainProxy - Secured POST /index/articles
2026-02-07 13:52:49.452 [http-nio-8080-exec-9] DEBUG org.springframework.security.web.FilterChainProxy - Secured POST /index/articles
2026-02-07 13:52:49.487 [http-nio-8080-exec-9] INFO  com.inkstage.controller.front.IndexController - 获取首页文章列表
2026-02-07 13:52:49.487 [http-nio-8080-exec-10] INFO  com.inkstage.controller.front.IndexController - 获取首页文章列表
2026-02-07 13:52:49.488 [http-nio-8080-exec-9] INFO  com.inkstage.service.impl.ArticleServiceImpl - 获取文章列表, 查询参数: ArticleQueryDTO(page=1, pageSize=10, offset=0, categoryId=null, tagId=null, status=null, keyword=null, sortBy=publishTime, sortOrder=desc)
2026-02-07 13:52:49.488 [http-nio-8080-exec-10] INFO  com.inkstage.service.impl.ArticleServiceImpl - 获取文章列表, 查询参数: ArticleQueryDTO(page=1, pageSize=10, offset=0, categoryId=null, tagId=null, status=null, keyword=null, sortBy=publishTime, sortOrder=desc)
2026-02-07 13:52:49.532 [http-nio-8080-exec-10] DEBUG c.inkstage.mapper.ArticleMapper.selectArticleList - ==>  Preparing: SELECT a.id, a.title, a.summary, a.cover_image, a.status, a.visible, a.publish_time, a.last_edit_time, a.read_count, a.like_count, a.comment_count, a.user_id, a.author_name, a.category_id, u.avatar, c.name as category_name FROM article a LEFT JOIN category c ON a.category_id = c.id LEFT JOIN user u ON a.user_id = u.id WHERE a.deleted = 0 GROUP BY a.id ORDER BY a.top DESC, a.recommended DESC LIMIT ?, ?
2026-02-07 13:52:49.532 [http-nio-8080-exec-9] DEBUG c.inkstage.mapper.ArticleMapper.selectArticleList - ==>  Preparing: SELECT a.id, a.title, a.summary, a.cover_image, a.status, a.visible, a.publish_time, a.last_edit_time, a.read_count, a.like_count, a.comment_count, a.user_id, a.author_name, a.category_id, u.avatar, c.name as category_name FROM article a LEFT JOIN category c ON a.category_id = c.id LEFT JOIN user u ON a.user_id = u.id WHERE a.deleted = 0 GROUP BY a.id ORDER BY a.top DESC, a.recommended DESC LIMIT ?, ?
2026-02-07 13:52:49.537 [http-nio-8080-exec-9] DEBUG c.inkstage.mapper.ArticleMapper.selectArticleList - ==> Parameters: 0(Integer), 10(Integer)
2026-02-07 13:52:49.537 [http-nio-8080-exec-10] DEBUG c.inkstage.mapper.ArticleMapper.selectArticleList - ==> Parameters: 0(Integer), 10(Integer)
2026-02-07 13:52:49.613 [http-nio-8080-exec-10] DEBUG c.inkstage.mapper.ArticleMapper.selectArticleList - <==      Total: 10
2026-02-07 13:52:49.613 [http-nio-8080-exec-9] DEBUG c.inkstage.mapper.ArticleMapper.selectArticleList - <==      Total: 10
2026-02-07 13:52:49.618 [http-nio-8080-exec-10] DEBUG c.inkstage.mapper.ArticleMapper.countArticleList - ==>  Preparing: SELECT COUNT(DISTINCT a.id) FROM article a LEFT JOIN category c ON a.category_id = c.id WHERE a.deleted = 0
2026-02-07 13:52:49.618 [http-nio-8080-exec-9] DEBUG c.inkstage.mapper.ArticleMapper.countArticleList - ==>  Preparing: SELECT COUNT(DISTINCT a.id) FROM article a LEFT JOIN category c ON a.category_id = c.id WHERE a.deleted = 0
2026-02-07 13:52:49.624 [http-nio-8080-exec-9] DEBUG c.inkstage.mapper.ArticleMapper.countArticleList - ==> Parameters: 
2026-02-07 13:52:49.624 [http-nio-8080-exec-10] DEBUG c.inkstage.mapper.ArticleMapper.countArticleList - ==> Parameters: 
2026-02-07 13:52:49.638 [http-nio-8080-exec-10] DEBUG c.inkstage.mapper.ArticleMapper.countArticleList - <==      Total: 1
2026-02-07 13:52:49.638 [http-nio-8080-exec-9] DEBUG c.inkstage.mapper.ArticleMapper.countArticleList - <==      Total: 1
2026-02-07 13:52:49.734 [http-nio-8080-exec-10] INFO  com.inkstage.service.impl.ArticleServiceImpl - 更新文章列表缓存, 缓存键: cache:article:list:1:10:null:null
2026-02-07 13:52:49.734 [http-nio-8080-exec-9] INFO  com.inkstage.service.impl.ArticleServiceImpl - 更新文章列表缓存, 缓存键: cache:article:list:1:10:null:null
2026-02-07 13:52:49.735 [http-nio-8080-exec-10] INFO  com.inkstage.service.impl.ArticleServiceImpl - 获取文章列表成功, 总数: 11, 页码: 1, 每页大小: 10
2026-02-07 13:52:49.735 [http-nio-8080-exec-9] INFO  com.inkstage.service.impl.ArticleServiceImpl - 获取文章列表成功, 总数: 11, 页码: 1, 每页大小: 10
2026-02-07 13:52:49.735 [http-nio-8080-exec-10] INFO  com.inkstage.controller.front.IndexController - 获取首页文章列表结果: PageResult(total=11, pageNum=1, pageSize=10, pages=2, record=[ArticleListVO(id=7, title=啊实打实大师, summary=啊实打实, coverImage=, userId=15, authorName=null, avatar=http://localhost:9000/inkstage-bucket/15/user-avatars/bb20a312fe174e6aab6d1215d21c3ee7.jpg, categoryId=3, categoryName=职场, status=PENDING, visible=PUBLIC, publishTime=null, lastEditTime=2026-01-31T14:04:29, readCount=0, likeCount=0, commentCount=0), ArticleListVO(id=8, title=第三篇文章, summary=33333, coverImage=, userId=15, authorName=null, avatar=http://localhost:9000/inkstage-bucket/15/user-avatars/bb20a312fe174e6aab6d1215d21c3ee7.jpg, categoryId=2, categoryName=生活, status=PENDING, visible=PUBLIC, publishTime=null, lastEditTime=2026-01-31T17:23:42, readCount=0, likeCount=0, commentCount=0), ArticleListVO(id=9, title=我的第三篇文章, summary=我的第三篇文章，希望发布成功, coverImage=http://localhost:9000/inkstage-bucket/15/article-covers/faa6b03c8ccb41359958449d7337077c.jpg, userId=15, authorName=null, avatar=http://localhost:9000/inkstage-bucket/15/user-avatars/bb20a312fe174e6aab6d1215d21c3ee7.jpg, categoryId=2, categoryName=生活, status=PENDING, visible=PUBLIC, publishTime=null, lastEditTime=2026-01-31T22:03:46, readCount=0, likeCount=0, commentCount=0), ArticleListVO(id=10, title=我的第四篇文章, summary=我的第四篇文章，带封面, coverImage=http://localhost:9000/inkstage-bucket/15/article-covers/454d80617bbc45b485d4f0ed27f57e5f.jpg, userId=15, authorName=null, avatar=http://localhost:9000/inkstage-bucket/15/user-avatars/bb20a312fe174e6aab6d1215d21c3ee7.jpg, categoryId=2, categoryName=生活, status=PENDING, visible=PUBLIC, publishTime=null, lastEditTime=2026-01-31T22:04:55, readCount=0, likeCount=0, commentCount=0), ArticleListVO(id=11, title=React 19 新特性详解：并发渲染与服务器组件, summary=本文详细介绍了 React 19 的核心新特性，包括并发渲染、服务器组件、自动批处理等，帮助开发者快速上手最新版本。, coverImage=http://localhost:9000/inkstage-bucket/15/article-covers/89d73f715f9a4cf393f1f8f1f504a648.jpg, userId=15, authorName=null, avatar=http://localhost:9000/inkstage-bucket/15/user-avatars/bb20a312fe174e6aab6d1215d21c3ee7.jpg, categoryId=2, categoryName=生活, status=PENDING, visible=PUBLIC, publishTime=2026-02-01T17:15:27, lastEditTime=2026-02-01T17:15:27, readCount=0, likeCount=0, commentCount=0), ArticleListVO(id=12, title=写一篇带代码的文章，看看效果如何, summary=简单的typeScript使用shiki的用法, coverImage=, userId=15, authorName=null, avatar=http://localhost:9000/inkstage-bucket/15/user-avatars/bb20a312fe174e6aab6d1215d21c3ee7.jpg, categoryId=7, categoryName=多人运动, status=PENDING, visible=PUBLIC, publishTime=2026-02-01T22:53:47, lastEditTime=2026-02-01T22:53:47, readCount=0, likeCount=0, commentCount=0), ArticleListVO(id=13, title=你在眺望着谁？, summary=拥有了世界，却拥有不了平凡的爱！, coverImage=, userId=15, authorName=丹妮莉丝.坦格利安, avatar=http://localhost:9000/inkstage-bucket/15/user-avatars/bb20a312fe174e6aab6d1215d21c3ee7.jpg, categoryId=1, categoryName=技术, status=PENDING, visible=PUBLIC, publishTime=2026-02-02T12:10:35, lastEditTime=2026-02-02T12:10:35, readCount=0, likeCount=0, commentCount=0), ArticleListVO(id=15, title=啊实打实大师, summary=啊实打实大师爱上爱上, coverImage=, userId=15, authorName=丹妮莉丝.坦格利安, avatar=http://localhost:9000/inkstage-bucket/15/user-avatars/bb20a312fe174e6aab6d1215d21c3ee7.jpg, categoryId=1, categoryName=技术, status=PENDING, visible=PUBLIC, publishTime=2026-02-02T12:12:27, lastEditTime=2026-02-02T12:12:27, readCount=0, likeCount=0, commentCount=0), ArticleListVO(id=16, title=是的是的发生的123, summary=水电费水电费, coverImage=, userId=15, authorName=丹妮莉丝.坦格利安, avatar=http://localhost:9000/inkstage-bucket/15/user-avatars/bb20a312fe174e6aab6d1215d21c3ee7.jpg, categoryId=1, categoryName=技术, status=PENDING, visible=PUBLIC, publishTime=2026-02-02T12:13:12, lastEditTime=2026-02-02T12:13:12, readCount=0, likeCount=0, commentCount=0), ArticleListVO(id=17, title=是的是的发生的, summary=水电费水电费, coverImage=, userId=15, authorName=丹妮莉丝.坦格利安, avatar=http://localhost:9000/inkstage-bucket/15/user-avatars/bb20a312fe174e6aab6d1215d21c3ee7.jpg, categoryId=1, categoryName=技术, status=PENDING, visible=PUBLIC, publishTime=2026-02-02T12:14:23, lastEditTime=2026-02-02T12:14:23, readCount=0, likeCount=0, commentCount=0)], isFirstPage=true, isLastPage=false, prePage=1, nextPage=2, navigatePages=[1, 2], navigateFirstPage=1, navigateLastPage=2)
2026-02-07 13:52:49.735 [http-nio-8080-exec-9] INFO  com.inkstage.controller.front.IndexController - 获取首页文章列表结果: PageResult(total=11, pageNum=1, pageSize=10, pages=2, record=[ArticleListVO(id=7, title=啊实打实大师, summary=啊实打实, coverImage=, userId=15, authorName=null, avatar=http://localhost:9000/inkstage-bucket/15/user-avatars/bb20a312fe174e6aab6d1215d21c3ee7.jpg, categoryId=3, categoryName=职场, status=PENDING, visible=PUBLIC, publishTime=null, lastEditTime=2026-01-31T14:04:29, readCount=0, likeCount=0, commentCount=0), ArticleListVO(id=8, title=第三篇文章, summary=33333, coverImage=, userId=15, authorName=null, avatar=http://localhost:9000/inkstage-bucket/15/user-avatars/bb20a312fe174e6aab6d1215d21c3ee7.jpg, categoryId=2, categoryName=生活, status=PENDING, visible=PUBLIC, publishTime=null, lastEditTime=2026-01-31T17:23:42, readCount=0, likeCount=0, commentCount=0), ArticleListVO(id=9, title=我的第三篇文章, summary=我的第三篇文章，希望发布成功, coverImage=http://localhost:9000/inkstage-bucket/15/article-covers/faa6b03c8ccb41359958449d7337077c.jpg, userId=15, authorName=null, avatar=http://localhost:9000/inkstage-bucket/15/user-avatars/bb20a312fe174e6aab6d1215d21c3ee7.jpg, categoryId=2, categoryName=生活, status=PENDING, visible=PUBLIC, publishTime=null, lastEditTime=2026-01-31T22:03:46, readCount=0, likeCount=0, commentCount=0), ArticleListVO(id=10, title=我的第四篇文章, summary=我的第四篇文章，带封面, coverImage=http://localhost:9000/inkstage-bucket/15/article-covers/454d80617bbc45b485d4f0ed27f57e5f.jpg, userId=15, authorName=null, avatar=http://localhost:9000/inkstage-bucket/15/user-avatars/bb20a312fe174e6aab6d1215d21c3ee7.jpg, categoryId=2, categoryName=生活, status=PENDING, visible=PUBLIC, publishTime=null, lastEditTime=2026-01-31T22:04:55, readCount=0, likeCount=0, commentCount=0), ArticleListVO(id=11, title=React 19 新特性详解：并发渲染与服务器组件, summary=本文详细介绍了 React 19 的核心新特性，包括并发渲染、服务器组件、自动批处理等，帮助开发者快速上手最新版本。, coverImage=http://localhost:9000/inkstage-bucket/15/article-covers/89d73f715f9a4cf393f1f8f1f504a648.jpg, userId=15, authorName=null, avatar=http://localhost:9000/inkstage-bucket/15/user-avatars/bb20a312fe174e6aab6d1215d21c3ee7.jpg, categoryId=2, categoryName=生活, status=PENDING, visible=PUBLIC, publishTime=2026-02-01T17:15:27, lastEditTime=2026-02-01T17:15:27, readCount=0, likeCount=0, commentCount=0), ArticleListVO(id=12, title=写一篇带代码的文章，看看效果如何, summary=简单的typeScript使用shiki的用法, coverImage=, userId=15, authorName=null, avatar=http://localhost:9000/inkstage-bucket/15/user-avatars/bb20a312fe174e6aab6d1215d21c3ee7.jpg, categoryId=7, categoryName=多人运动, status=PENDING, visible=PUBLIC, publishTime=2026-02-01T22:53:47, lastEditTime=2026-02-01T22:53:47, readCount=0, likeCount=0, commentCount=0), ArticleListVO(id=13, title=你在眺望着谁？, summary=拥有了世界，却拥有不了平凡的爱！, coverImage=, userId=15, authorName=丹妮莉丝.坦格利安, avatar=http://localhost:9000/inkstage-bucket/15/user-avatars/bb20a312fe174e6aab6d1215d21c3ee7.jpg, categoryId=1, categoryName=技术, status=PENDING, visible=PUBLIC, publishTime=2026-02-02T12:10:35, lastEditTime=2026-02-02T12:10:35, readCount=0, likeCount=0, commentCount=0), ArticleListVO(id=15, title=啊实打实大师, summary=啊实打实大师爱上爱上, coverImage=, userId=15, authorName=丹妮莉丝.坦格利安, avatar=http://localhost:9000/inkstage-bucket/15/user-avatars/bb20a312fe174e6aab6d1215d21c3ee7.jpg, categoryId=1, categoryName=技术, status=PENDING, visible=PUBLIC, publishTime=2026-02-02T12:12:27, lastEditTime=2026-02-02T12:12:27, readCount=0, likeCount=0, commentCount=0), ArticleListVO(id=16, title=是的是的发生的123, summary=水电费水电费, coverImage=, userId=15, authorName=丹妮莉丝.坦格利安, avatar=http://localhost:9000/inkstage-bucket/15/user-avatars/bb20a312fe174e6aab6d1215d21c3ee7.jpg, categoryId=1, categoryName=技术, status=PENDING, visible=PUBLIC, publishTime=2026-02-02T12:13:12, lastEditTime=2026-02-02T12:13:12, readCount=0, likeCount=0, commentCount=0), ArticleListVO(id=17, title=是的是的发生的, summary=水电费水电费, coverImage=, userId=15, authorName=丹妮莉丝.坦格利安, avatar=http://localhost:9000/inkstage-bucket/15/user-avatars/bb20a312fe174e6aab6d1215d21c3ee7.jpg, categoryId=1, categoryName=技术, status=PENDING, visible=PUBLIC, publishTime=2026-02-02T12:14:23, lastEditTime=2026-02-02T12:14:23, readCount=0, likeCount=0, commentCount=0)], isFirstPage=true, isLastPage=false, prePage=1, nextPage=2, navigatePages=[1, 2], navigateFirstPage=1, navigateLastPage=2)
2026-02-07 13:52:49.784 [http-nio-8080-exec-2] DEBUG org.springframework.security.web.FilterChainProxy - Securing GET /index/banner?limit=3
2026-02-07 13:52:49.788 [http-nio-8080-exec-2] DEBUG o.s.s.w.a.AnonymousAuthenticationFilter - Set SecurityContextHolder to anonymous SecurityContext
2026-02-07 13:52:49.789 [http-nio-8080-exec-2] DEBUG org.springframework.security.web.FilterChainProxy - Secured GET /index/banner?limit=3
2026-02-07 13:52:49.806 [http-nio-8080-exec-1] DEBUG org.springframework.security.web.FilterChainProxy - Securing GET /index/banner?limit=3
2026-02-07 13:52:49.809 [http-nio-8080-exec-1] DEBUG o.s.s.w.a.AnonymousAuthenticationFilter - Set SecurityContextHolder to anonymous SecurityContext
2026-02-07 13:52:49.809 [http-nio-8080-exec-1] DEBUG org.springframework.security.web.FilterChainProxy - Secured GET /index/banner?limit=3
2026-02-07 13:52:50.022 [http-nio-8080-exec-3] DEBUG org.springframework.security.web.FilterChainProxy - Securing GET /index/latest-article?limit=5
2026-02-07 13:52:50.024 [http-nio-8080-exec-3] DEBUG o.s.s.w.a.AnonymousAuthenticationFilter - Set SecurityContextHolder to anonymous SecurityContext
2026-02-07 13:52:50.025 [http-nio-8080-exec-3] DEBUG org.springframework.security.web.FilterChainProxy - Secured GET /index/latest-article?limit=5
2026-02-07 13:52:50.033 [http-nio-8080-exec-3] DEBUG org.springframework.security.web.FilterChainProxy - Securing GET /index/latest-article?limit=5
2026-02-07 13:52:50.034 [http-nio-8080-exec-3] DEBUG o.s.s.w.a.AnonymousAuthenticationFilter - Set SecurityContextHolder to anonymous SecurityContext
2026-02-07 13:52:50.034 [http-nio-8080-exec-3] DEBUG org.springframework.security.web.FilterChainProxy - Secured GET /index/latest-article?limit=5
2026-02-07 13:52:50.082 [http-nio-8080-exec-5] DEBUG org.springframework.security.web.FilterChainProxy - Securing GET /front/category/active
2026-02-07 13:52:50.085 [http-nio-8080-exec-5] DEBUG o.s.s.w.a.AnonymousAuthenticationFilter - Set SecurityContextHolder to anonymous SecurityContext
2026-02-07 13:52:50.086 [http-nio-8080-exec-5] DEBUG org.springframework.security.web.FilterChainProxy - Secured GET /front/category/active
2026-02-07 13:52:50.088 [http-nio-8080-exec-5] INFO  com.inkstage.service.impl.CategoryServiceImpl - 获取激活状态分类
2026-02-07 13:52:50.089 [http-nio-8080-exec-5] DEBUG c.i.mapper.CategoryMapper.selectActiveCategories - ==>  Preparing: SELECT id, name, slug, parent_id, sort_order, description, article_count, status, create_time, update_time, deleted, deleted_time FROM category WHERE status = 1 ORDER BY sort_order ASC, id ASC
2026-02-07 13:52:50.090 [http-nio-8080-exec-5] DEBUG c.i.mapper.CategoryMapper.selectActiveCategories - ==> Parameters: 
2026-02-07 13:52:50.097 [http-nio-8080-exec-5] DEBUG c.i.mapper.CategoryMapper.selectActiveCategories - <==      Total: 7
2026-02-07 13:52:50.107 [http-nio-8080-exec-6] DEBUG org.springframework.security.web.FilterChainProxy - Securing GET /front/category/active
2026-02-07 13:52:50.109 [http-nio-8080-exec-6] DEBUG o.s.s.w.a.AnonymousAuthenticationFilter - Set SecurityContextHolder to anonymous SecurityContext
2026-02-07 13:52:50.109 [http-nio-8080-exec-6] DEBUG org.springframework.security.web.FilterChainProxy - Secured GET /front/category/active
2026-02-07 13:52:50.110 [http-nio-8080-exec-6] INFO  com.inkstage.service.impl.CategoryServiceImpl - 获取激活状态分类
2026-02-07 13:52:50.111 [http-nio-8080-exec-6] DEBUG c.i.mapper.CategoryMapper.selectActiveCategories - ==>  Preparing: SELECT id, name, slug, parent_id, sort_order, description, article_count, status, create_time, update_time, deleted, deleted_time FROM category WHERE status = 1 ORDER BY sort_order ASC, id ASC
2026-02-07 13:52:50.112 [http-nio-8080-exec-6] DEBUG c.i.mapper.CategoryMapper.selectActiveCategories - ==> Parameters: 
2026-02-07 13:52:50.117 [http-nio-8080-exec-6] DEBUG c.i.mapper.CategoryMapper.selectActiveCategories - <==      Total: 7
2026-02-07 13:52:50.142 [http-nio-8080-exec-8] DEBUG org.springframework.security.web.FilterChainProxy - Securing GET /front/tag/active
2026-02-07 13:52:50.144 [http-nio-8080-exec-8] DEBUG o.s.s.w.a.AnonymousAuthenticationFilter - Set SecurityContextHolder to anonymous SecurityContext
2026-02-07 13:52:50.145 [http-nio-8080-exec-8] DEBUG org.springframework.security.web.FilterChainProxy - Secured GET /front/tag/active
2026-02-07 13:52:50.145 [http-nio-8080-exec-8] INFO  com.inkstage.service.impl.TagServiceImpl - 获取激活状态标签列表
2026-02-07 13:52:50.147 [http-nio-8080-exec-8] DEBUG com.inkstage.mapper.TagMapper.selectActiveTags - ==>  Preparing: SELECT id, name, slug, description, article_count, usage_count, status, create_time, update_time, deleted, deleted_time FROM tag WHERE status = 1 ORDER BY usage_count DESC, id ASC
2026-02-07 13:52:50.148 [http-nio-8080-exec-8] DEBUG com.inkstage.mapper.TagMapper.selectActiveTags - ==> Parameters: 
2026-02-07 13:52:50.153 [http-nio-8080-exec-8] DEBUG com.inkstage.mapper.TagMapper.selectActiveTags - <==      Total: 11
2026-02-07 13:52:50.159 [http-nio-8080-exec-7] DEBUG org.springframework.security.web.FilterChainProxy - Securing GET /front/tag/active
2026-02-07 13:52:50.161 [http-nio-8080-exec-7] DEBUG o.s.s.w.a.AnonymousAuthenticationFilter - Set SecurityContextHolder to anonymous SecurityContext
2026-02-07 13:52:50.161 [http-nio-8080-exec-7] DEBUG org.springframework.security.web.FilterChainProxy - Secured GET /front/tag/active
2026-02-07 13:52:50.162 [http-nio-8080-exec-7] INFO  com.inkstage.service.impl.TagServiceImpl - 获取激活状态标签列表
2026-02-07 13:52:50.162 [http-nio-8080-exec-7] DEBUG com.inkstage.mapper.TagMapper.selectActiveTags - ==>  Preparing: SELECT id, name, slug, description, article_count, usage_count, status, create_time, update_time, deleted, deleted_time FROM tag WHERE status = 1 ORDER BY usage_count DESC, id ASC
2026-02-07 13:52:50.164 [http-nio-8080-exec-7] DEBUG com.inkstage.mapper.TagMapper.selectActiveTags - ==> Parameters: 
2026-02-07 13:52:50.169 [http-nio-8080-exec-7] DEBUG com.inkstage.mapper.TagMapper.selectActiveTags - <==      Total: 11
2026-02-07 14:27:31.246 [http-nio-8080-exec-1] DEBUG org.springframework.security.web.FilterChainProxy - Securing POST /index/articles
2026-02-07 14:27:31.246 [http-nio-8080-exec-2] DEBUG org.springframework.security.web.FilterChainProxy - Securing POST /index/articles
2026-02-07 14:27:31.252 [http-nio-8080-exec-2] DEBUG o.s.s.w.a.AnonymousAuthenticationFilter - Set SecurityContextHolder to anonymous SecurityContext
2026-02-07 14:27:31.252 [http-nio-8080-exec-1] DEBUG o.s.s.w.a.AnonymousAuthenticationFilter - Set SecurityContextHolder to anonymous SecurityContext
2026-02-07 14:27:31.252 [http-nio-8080-exec-2] DEBUG org.springframework.security.web.FilterChainProxy - Secured POST /index/articles
2026-02-07 14:27:31.252 [http-nio-8080-exec-1] DEBUG org.springframework.security.web.FilterChainProxy - Secured POST /index/articles
2026-02-07 14:27:31.278 [http-nio-8080-exec-1] INFO  com.inkstage.controller.front.IndexController - 获取首页文章列表
2026-02-07 14:27:31.278 [http-nio-8080-exec-2] INFO  com.inkstage.controller.front.IndexController - 获取首页文章列表
2026-02-07 14:27:31.280 [http-nio-8080-exec-2] INFO  com.inkstage.service.impl.ArticleServiceImpl - 获取文章列表, 查询参数: ArticleQueryDTO(page=1, pageSize=10, offset=0, categoryId=null, tagId=null, status=null, keyword=null, sortBy=publishTime, sortOrder=desc)
2026-02-07 14:27:31.280 [http-nio-8080-exec-1] INFO  com.inkstage.service.impl.ArticleServiceImpl - 获取文章列表, 查询参数: ArticleQueryDTO(page=1, pageSize=10, offset=0, categoryId=null, tagId=null, status=null, keyword=null, sortBy=publishTime, sortOrder=desc)
2026-02-07 14:27:31.293 [http-nio-8080-exec-2] DEBUG c.inkstage.mapper.ArticleMapper.selectArticleList - ==>  Preparing: SELECT a.id, a.title, a.summary, a.cover_image, a.status, a.visible, a.publish_time, a.last_edit_time, a.read_count, a.like_count, a.comment_count, a.user_id, a.author_name, a.category_id, u.avatar, c.name as category_name FROM article a LEFT JOIN category c ON a.category_id = c.id LEFT JOIN user u ON a.user_id = u.id WHERE a.deleted = 0 GROUP BY a.id ORDER BY a.top DESC, a.recommended DESC LIMIT ?, ?
2026-02-07 14:27:31.293 [http-nio-8080-exec-1] DEBUG c.inkstage.mapper.ArticleMapper.selectArticleList - ==>  Preparing: SELECT a.id, a.title, a.summary, a.cover_image, a.status, a.visible, a.publish_time, a.last_edit_time, a.read_count, a.like_count, a.comment_count, a.user_id, a.author_name, a.category_id, u.avatar, c.name as category_name FROM article a LEFT JOIN category c ON a.category_id = c.id LEFT JOIN user u ON a.user_id = u.id WHERE a.deleted = 0 GROUP BY a.id ORDER BY a.top DESC, a.recommended DESC LIMIT ?, ?
2026-02-07 14:27:31.294 [http-nio-8080-exec-1] DEBUG c.inkstage.mapper.ArticleMapper.selectArticleList - ==> Parameters: 0(Integer), 10(Integer)
2026-02-07 14:27:31.294 [http-nio-8080-exec-2] DEBUG c.inkstage.mapper.ArticleMapper.selectArticleList - ==> Parameters: 0(Integer), 10(Integer)
2026-02-07 14:27:31.319 [http-nio-8080-exec-1] DEBUG c.inkstage.mapper.ArticleMapper.selectArticleList - <==      Total: 10
2026-02-07 14:27:31.319 [http-nio-8080-exec-2] DEBUG c.inkstage.mapper.ArticleMapper.selectArticleList - <==      Total: 10
2026-02-07 14:27:31.320 [http-nio-8080-exec-2] DEBUG c.inkstage.mapper.ArticleMapper.countArticleList - ==>  Preparing: SELECT COUNT(DISTINCT a.id) FROM article a LEFT JOIN category c ON a.category_id = c.id WHERE a.deleted = 0
2026-02-07 14:27:31.320 [http-nio-8080-exec-2] DEBUG c.inkstage.mapper.ArticleMapper.countArticleList - ==> Parameters: 
2026-02-07 14:27:31.320 [http-nio-8080-exec-1] DEBUG c.inkstage.mapper.ArticleMapper.countArticleList - ==>  Preparing: SELECT COUNT(DISTINCT a.id) FROM article a LEFT JOIN category c ON a.category_id = c.id WHERE a.deleted = 0
2026-02-07 14:27:31.320 [http-nio-8080-exec-1] DEBUG c.inkstage.mapper.ArticleMapper.countArticleList - ==> Parameters: 
2026-02-07 14:27:31.325 [http-nio-8080-exec-1] DEBUG c.inkstage.mapper.ArticleMapper.countArticleList - <==      Total: 1
2026-02-07 14:27:31.325 [http-nio-8080-exec-2] DEBUG c.inkstage.mapper.ArticleMapper.countArticleList - <==      Total: 1
2026-02-07 14:27:31.332 [http-nio-8080-exec-2] INFO  com.inkstage.service.impl.ArticleServiceImpl - 更新文章列表缓存, 缓存键: cache:article:list:1:10:null:null
2026-02-07 14:27:31.332 [http-nio-8080-exec-2] INFO  com.inkstage.service.impl.ArticleServiceImpl - 获取文章列表成功, 总数: 11, 页码: 1, 每页大小: 10
2026-02-07 14:27:31.333 [http-nio-8080-exec-1] INFO  com.inkstage.service.impl.ArticleServiceImpl - 更新文章列表缓存, 缓存键: cache:article:list:1:10:null:null
2026-02-07 14:27:31.333 [http-nio-8080-exec-1] INFO  com.inkstage.service.impl.ArticleServiceImpl - 获取文章列表成功, 总数: 11, 页码: 1, 每页大小: 10
2026-02-07 14:27:31.332 [http-nio-8080-exec-2] INFO  com.inkstage.controller.front.IndexController - 获取首页文章列表结果: PageResult(total=11, pageNum=1, pageSize=10, pages=2, record=[ArticleListVO(id=7, title=啊实打实大师, summary=啊实打实, coverImage=, userId=15, authorName=null, avatar=http://localhost:9000/inkstage-bucket/15/user-avatars/bb20a312fe174e6aab6d1215d21c3ee7.jpg, categoryId=3, categoryName=职场, status=PENDING, visible=PUBLIC, publishTime=null, lastEditTime=2026-01-31T14:04:29, readCount=0, likeCount=0, commentCount=0), ArticleListVO(id=8, title=第三篇文章, summary=33333, coverImage=, userId=15, authorName=null, avatar=http://localhost:9000/inkstage-bucket/15/user-avatars/bb20a312fe174e6aab6d1215d21c3ee7.jpg, categoryId=2, categoryName=生活, status=PENDING, visible=PUBLIC, publishTime=null, lastEditTime=2026-01-31T17:23:42, readCount=0, likeCount=0, commentCount=0), ArticleListVO(id=9, title=我的第三篇文章, summary=我的第三篇文章，希望发布成功, coverImage=http://localhost:9000/inkstage-bucket/15/article-covers/faa6b03c8ccb41359958449d7337077c.jpg, userId=15, authorName=null, avatar=http://localhost:9000/inkstage-bucket/15/user-avatars/bb20a312fe174e6aab6d1215d21c3ee7.jpg, categoryId=2, categoryName=生活, status=PENDING, visible=PUBLIC, publishTime=null, lastEditTime=2026-01-31T22:03:46, readCount=0, likeCount=0, commentCount=0), ArticleListVO(id=10, title=我的第四篇文章, summary=我的第四篇文章，带封面, coverImage=http://localhost:9000/inkstage-bucket/15/article-covers/454d80617bbc45b485d4f0ed27f57e5f.jpg, userId=15, authorName=null, avatar=http://localhost:9000/inkstage-bucket/15/user-avatars/bb20a312fe174e6aab6d1215d21c3ee7.jpg, categoryId=2, categoryName=生活, status=PENDING, visible=PUBLIC, publishTime=null, lastEditTime=2026-01-31T22:04:55, readCount=0, likeCount=0, commentCount=0), ArticleListVO(id=11, title=React 19 新特性详解：并发渲染与服务器组件, summary=本文详细介绍了 React 19 的核心新特性，包括并发渲染、服务器组件、自动批处理等，帮助开发者快速上手最新版本。, coverImage=http://localhost:9000/inkstage-bucket/15/article-covers/89d73f715f9a4cf393f1f8f1f504a648.jpg, userId=15, authorName=null, avatar=http://localhost:9000/inkstage-bucket/15/user-avatars/bb20a312fe174e6aab6d1215d21c3ee7.jpg, categoryId=2, categoryName=生活, status=PENDING, visible=PUBLIC, publishTime=2026-02-01T17:15:27, lastEditTime=2026-02-01T17:15:27, readCount=0, likeCount=0, commentCount=0), ArticleListVO(id=12, title=写一篇带代码的文章，看看效果如何, summary=简单的typeScript使用shiki的用法, coverImage=, userId=15, authorName=null, avatar=http://localhost:9000/inkstage-bucket/15/user-avatars/bb20a312fe174e6aab6d1215d21c3ee7.jpg, categoryId=7, categoryName=多人运动, status=PENDING, visible=PUBLIC, publishTime=2026-02-01T22:53:47, lastEditTime=2026-02-01T22:53:47, readCount=0, likeCount=0, commentCount=0), ArticleListVO(id=13, title=你在眺望着谁？, summary=拥有了世界，却拥有不了平凡的爱！, coverImage=, userId=15, authorName=丹妮莉丝.坦格利安, avatar=http://localhost:9000/inkstage-bucket/15/user-avatars/bb20a312fe174e6aab6d1215d21c3ee7.jpg, categoryId=1, categoryName=技术, status=PENDING, visible=PUBLIC, publishTime=2026-02-02T12:10:35, lastEditTime=2026-02-02T12:10:35, readCount=0, likeCount=0, commentCount=0), ArticleListVO(id=15, title=啊实打实大师, summary=啊实打实大师爱上爱上, coverImage=, userId=15, authorName=丹妮莉丝.坦格利安, avatar=http://localhost:9000/inkstage-bucket/15/user-avatars/bb20a312fe174e6aab6d1215d21c3ee7.jpg, categoryId=1, categoryName=技术, status=PENDING, visible=PUBLIC, publishTime=2026-02-02T12:12:27, lastEditTime=2026-02-02T12:12:27, readCount=0, likeCount=0, commentCount=0), ArticleListVO(id=16, title=是的是的发生的123, summary=水电费水电费, coverImage=, userId=15, authorName=丹妮莉丝.坦格利安, avatar=http://localhost:9000/inkstage-bucket/15/user-avatars/bb20a312fe174e6aab6d1215d21c3ee7.jpg, categoryId=1, categoryName=技术, status=PENDING, visible=PUBLIC, publishTime=2026-02-02T12:13:12, lastEditTime=2026-02-02T12:13:12, readCount=0, likeCount=0, commentCount=0), ArticleListVO(id=17, title=是的是的发生的, summary=水电费水电费, coverImage=, userId=15, authorName=丹妮莉丝.坦格利安, avatar=http://localhost:9000/inkstage-bucket/15/user-avatars/bb20a312fe174e6aab6d1215d21c3ee7.jpg, categoryId=1, categoryName=技术, status=PENDING, visible=PUBLIC, publishTime=2026-02-02T12:14:23, lastEditTime=2026-02-02T12:14:23, readCount=0, likeCount=0, commentCount=0)], isFirstPage=true, isLastPage=false, prePage=1, nextPage=2, navigatePages=[1, 2], navigateFirstPage=1, navigateLastPage=2)
2026-02-07 14:27:31.333 [http-nio-8080-exec-1] INFO  com.inkstage.controller.front.IndexController - 获取首页文章列表结果: PageResult(total=11, pageNum=1, pageSize=10, pages=2, record=[ArticleListVO(id=7, title=啊实打实大师, summary=啊实打实, coverImage=, userId=15, authorName=null, avatar=http://localhost:9000/inkstage-bucket/15/user-avatars/bb20a312fe174e6aab6d1215d21c3ee7.jpg, categoryId=3, categoryName=职场, status=PENDING, visible=PUBLIC, publishTime=null, lastEditTime=2026-01-31T14:04:29, readCount=0, likeCount=0, commentCount=0), ArticleListVO(id=8, title=第三篇文章, summary=33333, coverImage=, userId=15, authorName=null, avatar=http://localhost:9000/inkstage-bucket/15/user-avatars/bb20a312fe174e6aab6d1215d21c3ee7.jpg, categoryId=2, categoryName=生活, status=PENDING, visible=PUBLIC, publishTime=null, lastEditTime=2026-01-31T17:23:42, readCount=0, likeCount=0, commentCount=0), ArticleListVO(id=9, title=我的第三篇文章, summary=我的第三篇文章，希望发布成功, coverImage=http://localhost:9000/inkstage-bucket/15/article-covers/faa6b03c8ccb41359958449d7337077c.jpg, userId=15, authorName=null, avatar=http://localhost:9000/inkstage-bucket/15/user-avatars/bb20a312fe174e6aab6d1215d21c3ee7.jpg, categoryId=2, categoryName=生活, status=PENDING, visible=PUBLIC, publishTime=null, lastEditTime=2026-01-31T22:03:46, readCount=0, likeCount=0, commentCount=0), ArticleListVO(id=10, title=我的第四篇文章, summary=我的第四篇文章，带封面, coverImage=http://localhost:9000/inkstage-bucket/15/article-covers/454d80617bbc45b485d4f0ed27f57e5f.jpg, userId=15, authorName=null, avatar=http://localhost:9000/inkstage-bucket/15/user-avatars/bb20a312fe174e6aab6d1215d21c3ee7.jpg, categoryId=2, categoryName=生活, status=PENDING, visible=PUBLIC, publishTime=null, lastEditTime=2026-01-31T22:04:55, readCount=0, likeCount=0, commentCount=0), ArticleListVO(id=11, title=React 19 新特性详解：并发渲染与服务器组件, summary=本文详细介绍了 React 19 的核心新特性，包括并发渲染、服务器组件、自动批处理等，帮助开发者快速上手最新版本。, coverImage=http://localhost:9000/inkstage-bucket/15/article-covers/89d73f715f9a4cf393f1f8f1f504a648.jpg, userId=15, authorName=null, avatar=http://localhost:9000/inkstage-bucket/15/user-avatars/bb20a312fe174e6aab6d1215d21c3ee7.jpg, categoryId=2, categoryName=生活, status=PENDING, visible=PUBLIC, publishTime=2026-02-01T17:15:27, lastEditTime=2026-02-01T17:15:27, readCount=0, likeCount=0, commentCount=0), ArticleListVO(id=12, title=写一篇带代码的文章，看看效果如何, summary=简单的typeScript使用shiki的用法, coverImage=, userId=15, authorName=null, avatar=http://localhost:9000/inkstage-bucket/15/user-avatars/bb20a312fe174e6aab6d1215d21c3ee7.jpg, categoryId=7, categoryName=多人运动, status=PENDING, visible=PUBLIC, publishTime=2026-02-01T22:53:47, lastEditTime=2026-02-01T22:53:47, readCount=0, likeCount=0, commentCount=0), ArticleListVO(id=13, title=你在眺望着谁？, summary=拥有了世界，却拥有不了平凡的爱！, coverImage=, userId=15, authorName=丹妮莉丝.坦格利安, avatar=http://localhost:9000/inkstage-bucket/15/user-avatars/bb20a312fe174e6aab6d1215d21c3ee7.jpg, categoryId=1, categoryName=技术, status=PENDING, visible=PUBLIC, publishTime=2026-02-02T12:10:35, lastEditTime=2026-02-02T12:10:35, readCount=0, likeCount=0, commentCount=0), ArticleListVO(id=15, title=啊实打实大师, summary=啊实打实大师爱上爱上, coverImage=, userId=15, authorName=丹妮莉丝.坦格利安, avatar=http://localhost:9000/inkstage-bucket/15/user-avatars/bb20a312fe174e6aab6d1215d21c3ee7.jpg, categoryId=1, categoryName=技术, status=PENDING, visible=PUBLIC, publishTime=2026-02-02T12:12:27, lastEditTime=2026-02-02T12:12:27, readCount=0, likeCount=0, commentCount=0), ArticleListVO(id=16, title=是的是的发生的123, summary=水电费水电费, coverImage=, userId=15, authorName=丹妮莉丝.坦格利安, avatar=http://localhost:9000/inkstage-bucket/15/user-avatars/bb20a312fe174e6aab6d1215d21c3ee7.jpg, categoryId=1, categoryName=技术, status=PENDING, visible=PUBLIC, publishTime=2026-02-02T12:13:12, lastEditTime=2026-02-02T12:13:12, readCount=0, likeCount=0, commentCount=0), ArticleListVO(id=17, title=是的是的发生的, summary=水电费水电费, coverImage=, userId=15, authorName=丹妮莉丝.坦格利安, avatar=http://localhost:9000/inkstage-bucket/15/user-avatars/bb20a312fe174e6aab6d1215d21c3ee7.jpg, categoryId=1, categoryName=技术, status=PENDING, visible=PUBLIC, publishTime=2026-02-02T12:14:23, lastEditTime=2026-02-02T12:14:23, readCount=0, likeCount=0, commentCount=0)], isFirstPage=true, isLastPage=false, prePage=1, nextPage=2, navigatePages=[1, 2], navigateFirstPage=1, navigateLastPage=2)
2026-02-07 14:27:31.347 [http-nio-8080-exec-4] DEBUG org.springframework.security.web.FilterChainProxy - Securing GET /index/banner?limit=3
2026-02-07 14:27:31.348 [http-nio-8080-exec-4] DEBUG o.s.s.w.a.AnonymousAuthenticationFilter - Set SecurityContextHolder to anonymous SecurityContext
2026-02-07 14:27:31.348 [http-nio-8080-exec-4] DEBUG org.springframework.security.web.FilterChainProxy - Secured GET /index/banner?limit=3
2026-02-07 14:27:31.356 [http-nio-8080-exec-4] DEBUG org.springframework.security.web.FilterChainProxy - Securing GET /index/banner?limit=3
2026-02-07 14:27:31.358 [http-nio-8080-exec-4] DEBUG o.s.s.w.a.AnonymousAuthenticationFilter - Set SecurityContextHolder to anonymous SecurityContext
2026-02-07 14:27:31.358 [http-nio-8080-exec-4] DEBUG org.springframework.security.web.FilterChainProxy - Secured GET /index/banner?limit=3
2026-02-07 14:27:31.420 [http-nio-8080-exec-5] DEBUG org.springframework.security.web.FilterChainProxy - Securing GET /index/latest-article?limit=5
2026-02-07 14:27:31.422 [http-nio-8080-exec-5] DEBUG o.s.s.w.a.AnonymousAuthenticationFilter - Set SecurityContextHolder to anonymous SecurityContext
2026-02-07 14:27:31.422 [http-nio-8080-exec-5] DEBUG org.springframework.security.web.FilterChainProxy - Secured GET /index/latest-article?limit=5
2026-02-07 14:27:31.427 [http-nio-8080-exec-6] DEBUG org.springframework.security.web.FilterChainProxy - Securing GET /index/latest-article?limit=5
2026-02-07 14:27:31.429 [http-nio-8080-exec-6] DEBUG o.s.s.w.a.AnonymousAuthenticationFilter - Set SecurityContextHolder to anonymous SecurityContext
2026-02-07 14:27:31.429 [http-nio-8080-exec-6] DEBUG org.springframework.security.web.FilterChainProxy - Secured GET /index/latest-article?limit=5
2026-02-07 14:27:31.447 [http-nio-8080-exec-8] DEBUG org.springframework.security.web.FilterChainProxy - Securing GET /front/category/active
2026-02-07 14:27:31.448 [http-nio-8080-exec-8] DEBUG o.s.s.w.a.AnonymousAuthenticationFilter - Set SecurityContextHolder to anonymous SecurityContext
2026-02-07 14:27:31.448 [http-nio-8080-exec-8] DEBUG org.springframework.security.web.FilterChainProxy - Secured GET /front/category/active
2026-02-07 14:27:31.448 [http-nio-8080-exec-8] INFO  com.inkstage.service.impl.CategoryServiceImpl - 获取激活状态分类
2026-02-07 14:27:31.449 [http-nio-8080-exec-8] DEBUG c.i.mapper.CategoryMapper.selectActiveCategories - ==>  Preparing: SELECT id, name, slug, parent_id, sort_order, description, article_count, status, create_time, update_time, deleted, deleted_time FROM category WHERE status = 1 ORDER BY sort_order ASC, id ASC
2026-02-07 14:27:31.449 [http-nio-8080-exec-8] DEBUG c.i.mapper.CategoryMapper.selectActiveCategories - ==> Parameters: 
2026-02-07 14:27:31.454 [http-nio-8080-exec-8] DEBUG c.i.mapper.CategoryMapper.selectActiveCategories - <==      Total: 7
2026-02-07 14:27:31.458 [http-nio-8080-exec-7] DEBUG org.springframework.security.web.FilterChainProxy - Securing GET /front/category/active
2026-02-07 14:27:31.458 [http-nio-8080-exec-7] DEBUG o.s.s.w.a.AnonymousAuthenticationFilter - Set SecurityContextHolder to anonymous SecurityContext
2026-02-07 14:27:31.458 [http-nio-8080-exec-7] DEBUG org.springframework.security.web.FilterChainProxy - Secured GET /front/category/active
2026-02-07 14:27:31.460 [http-nio-8080-exec-7] INFO  com.inkstage.service.impl.CategoryServiceImpl - 获取激活状态分类
2026-02-07 14:27:31.460 [http-nio-8080-exec-7] DEBUG c.i.mapper.CategoryMapper.selectActiveCategories - ==>  Preparing: SELECT id, name, slug, parent_id, sort_order, description, article_count, status, create_time, update_time, deleted, deleted_time FROM category WHERE status = 1 ORDER BY sort_order ASC, id ASC
2026-02-07 14:27:31.460 [http-nio-8080-exec-7] DEBUG c.i.mapper.CategoryMapper.selectActiveCategories - ==> Parameters: 
2026-02-07 14:27:31.465 [http-nio-8080-exec-7] DEBUG c.i.mapper.CategoryMapper.selectActiveCategories - <==      Total: 7
2026-02-07 14:27:31.466 [http-nio-8080-exec-9] DEBUG org.springframework.security.web.FilterChainProxy - Securing GET /front/tag/active
2026-02-07 14:27:31.467 [http-nio-8080-exec-9] DEBUG o.s.s.w.a.AnonymousAuthenticationFilter - Set SecurityContextHolder to anonymous SecurityContext
2026-02-07 14:27:31.467 [http-nio-8080-exec-9] DEBUG org.springframework.security.web.FilterChainProxy - Secured GET /front/tag/active
2026-02-07 14:27:31.471 [http-nio-8080-exec-9] INFO  com.inkstage.service.impl.TagServiceImpl - 获取激活状态标签列表
2026-02-07 14:27:31.472 [http-nio-8080-exec-9] DEBUG com.inkstage.mapper.TagMapper.selectActiveTags - ==>  Preparing: SELECT id, name, slug, description, article_count, usage_count, status, create_time, update_time, deleted, deleted_time FROM tag WHERE status = 1 ORDER BY usage_count DESC, id ASC
2026-02-07 14:27:31.472 [http-nio-8080-exec-9] DEBUG com.inkstage.mapper.TagMapper.selectActiveTags - ==> Parameters: 
2026-02-07 14:27:31.477 [http-nio-8080-exec-9] DEBUG com.inkstage.mapper.TagMapper.selectActiveTags - <==      Total: 11
2026-02-07 14:27:31.495 [http-nio-8080-exec-10] DEBUG org.springframework.security.web.FilterChainProxy - Securing GET /front/tag/active
2026-02-07 14:27:31.497 [http-nio-8080-exec-10] DEBUG o.s.s.w.a.AnonymousAuthenticationFilter - Set SecurityContextHolder to anonymous SecurityContext
2026-02-07 14:27:31.498 [http-nio-8080-exec-10] DEBUG org.springframework.security.web.FilterChainProxy - Secured GET /front/tag/active
2026-02-07 14:27:31.500 [http-nio-8080-exec-10] INFO  com.inkstage.service.impl.TagServiceImpl - 获取激活状态标签列表
2026-02-07 14:27:31.502 [http-nio-8080-exec-10] DEBUG com.inkstage.mapper.TagMapper.selectActiveTags - ==>  Preparing: SELECT id, name, slug, description, article_count, usage_count, status, create_time, update_time, deleted, deleted_time FROM tag WHERE status = 1 ORDER BY usage_count DESC, id ASC
2026-02-07 14:27:31.504 [http-nio-8080-exec-10] DEBUG com.inkstage.mapper.TagMapper.selectActiveTags - ==> Parameters: 
2026-02-07 14:27:31.507 [http-nio-8080-exec-10] DEBUG com.inkstage.mapper.TagMapper.selectActiveTags - <==      Total: 11
2026-02-07 14:28:35.926 [SpringApplicationShutdownHook] INFO  com.zaxxer.hikari.HikariDataSource - HikariPool-1 - Shutdown initiated...
2026-02-07 14:28:35.946 [SpringApplicationShutdownHook] INFO  com.zaxxer.hikari.HikariDataSource - HikariPool-1 - Shutdown completed.
